<?xml version="1.0" encoding="UTF-8"?>
<testsuite xmlns:xsi="http://www.w3.org/2001/XMLSchema-instance" xsi:noNamespaceSchemaLocation="https://maven.apache.org/surefire/maven-surefire-plugin/xsd/surefire-test-report.xsd" name="TestSuite" time="51.967" tests="3" errors="0" skipped="0" failures="1">
  <properties>
[...]
</properties>
  <testcase name="runScenario" classname="com.crowdar.bdd.cukes.TestNGSecuencialRunner" time="7.337"/>
  <testcase name="runScenario" classname="com.crowdar.bdd.cukes.TestNGSecuencialRunner" time="6.32"/>
  <testcase name="runScenario" classname="com.crowdar.bdd.cukes.TestNGSecuencialRunner" time="37.529">
    <failure message="Expected condition failed: waiting for presence of element located by: By.cssSelector: #rso &gt; div:nth-child(3) &gt; div:nth-child(1) &gt; div.tF2Cxc &gt; div.yuRUbf &gt; a &gt; h3 &gt; span (tried for 30 second(s) with 500 milliseconds interval)" type="org.openqa.selenium.TimeoutException">org.openqa.selenium.TimeoutException: Expected condition failed: waiting for presence of element located by: By.cssSelector: #rso > div:nth-child(3) > div:nth-child(1) > div.tF2Cxc > div.yuRUbf > a > h3 > span (tried for 30 second(s) with 500 milliseconds interval)
Caused by: org.openqa.selenium.NoSuchElementException: 
no such element: Unable to locate element: {"method":"css selector","selector":"#rso > div:nth-child(3) > div:nth-child(1) > div.tF2Cxc > div.yuRUbf > a > h3 > span"}
  (Session info: chrome=88.0.4324.182)
For documentation on this error, please visit: https://www.seleniumhq.org/exceptions/no_such_element.html
Build info: version: '3.141.59', revision: 'e82be7d358', time: '2018-11-14T08:17:03'
System info: host: 'COLOSUS', ip: '192.168.1.108', os.name: 'Windows 10', os.arch: 'amd64', os.version: '10.0', java.version: '11.0.7'
Driver info: org.openqa.selenium.chrome.ChromeDriver
Capabilities {acceptInsecureCerts: false, browserName: chrome, browserVersion: 88.0.4324.182, chrome: {chromedriverVersion: 88.0.4324.96 (68dba2d8a0b14..., userDataDir: C:\Users\Dante\AppData\Loca...}, goog:chromeOptions: {debuggerAddress: localhost:49755}, javascriptEnabled: true, networkConnectionEnabled: false, pageLoadStrategy: normal, platform: WINDOWS, platformName: WINDOWS, proxy: Proxy(), setWindowRect: true, strictFileInteractability: false, timeouts: {implicit: 0, pageLoad: 300000, script: 30000}, unhandledPromptBehavior: dismiss and notify, webauthn:extension:largeBlob: true, webauthn:virtualAuthenticators: true}
Session ID: c8dc138c62d13bda901e40ef62344c0a
*** Element info: {Using=css selector, value=#rso > div:nth-child(3) > div:nth-child(1) > div.tF2Cxc > div.yuRUbf > a > h3 > span}
</failure>
    <system-out><![CDATA[24/02/21 16:00:24 INFO  root:20 - ------ Starting -----Busqueda exitosa de palabra: Crowdar-----
24/02/21 16:01:01 INFO  root:35 - ------ Ending -----Busqueda exitosa de palabra: Crowdar-----
]]></system-out>
    <system-err><![CDATA[Starting ChromeDriver 88.0.4324.96 (68dba2d8a0b149a1d3afac56fa74648032bcf46b-refs/branch-heads/4324@{#1784}) on port 48033
Only local connections are allowed.
Please see https://chromedriver.chromium.org/security-considerations for suggestions on keeping ChromeDriver safe.
ChromeDriver was started successfully.
feb. 24, 2021 4:00:25 P. M. org.openqa.selenium.remote.ProtocolHandshake createSession
INFO: Detected dialect: W3C
]]></system-err>
  </testcase>
</testsuite>